TN:
SF:app/context/AuthContext.tsx
FN:39,(anonymous_0)
FN:45,(anonymous_1)
FN:70,(anonymous_2)
FN:80,(anonymous_3)
FN:83,(anonymous_4)
FN:93,(anonymous_5)
FN:96,(anonymous_6)
FN:109,(anonymous_7)
FN:126,(anonymous_8)
FN:139,(anonymous_9)
FN:152,(anonymous_10)
FN:178,(anonymous_11)
FNF:12
FNH:3
FNDA:2,(anonymous_0)
FNDA:0,(anonymous_1)
FNDA:0,(anonymous_2)
FNDA:2,(anonymous_3)
FNDA:0,(anonymous_4)
FNDA:0,(anonymous_5)
FNDA:0,(anonymous_6)
FNDA:0,(anonymous_7)
FNDA:0,(anonymous_8)
FNDA:0,(anonymous_9)
FNDA:0,(anonymous_10)
FNDA:2,(anonymous_11)
DA:5,1
DA:6,1
DA:8,1
DA:9,1
DA:11,1
DA:12,0
DA:15,1
DA:37,1
DA:39,1
DA:40,2
DA:41,2
DA:42,2
DA:43,2
DA:45,2
DA:46,0
DA:47,0
DA:48,0
DA:54,0
DA:55,0
DA:56,0
DA:57,0
DA:59,0
DA:60,0
DA:61,0
DA:64,0
DA:66,0
DA:70,2
DA:71,0
DA:72,0
DA:74,0
DA:75,0
DA:76,0
DA:80,2
DA:81,2
DA:83,0
DA:84,0
DA:85,0
DA:86,0
DA:88,0
DA:92,0
DA:93,0
DA:96,2
DA:97,0
DA:98,0
DA:99,0
DA:100,0
DA:102,0
DA:103,0
DA:105,0
DA:109,2
DA:110,0
DA:111,0
DA:118,0
DA:119,0
DA:121,0
DA:122,0
DA:126,2
DA:127,0
DA:128,0
DA:129,0
DA:130,0
DA:132,0
DA:133,0
DA:135,0
DA:139,2
DA:140,0
DA:141,0
DA:142,0
DA:143,0
DA:145,0
DA:146,0
DA:148,0
DA:152,2
DA:153,0
DA:154,0
DA:158,2
DA:178,1
DA:179,2
DA:180,2
DA:181,0
DA:183,2
LF:81
LH:26
BRDA:11,0,0,0
BRDA:11,0,1,1
BRDA:11,1,0,1
BRDA:11,1,1,1
BRDA:54,2,0,0
BRDA:54,2,1,0
BRDA:54,3,0,0
BRDA:54,3,1,0
BRDA:71,4,0,0
BRDA:71,4,1,0
BRDA:85,5,0,0
BRDA:85,5,1,0
BRDA:100,6,0,0
BRDA:100,6,1,0
BRDA:118,7,0,0
BRDA:118,7,1,0
BRDA:130,8,0,0
BRDA:130,8,1,0
BRDA:143,9,0,0
BRDA:143,9,1,0
BRDA:153,10,0,0
BRDA:153,10,1,0
BRDA:180,11,0,0
BRDA:180,11,1,2
BRF:24
BRH:4
end_of_record
